<?xml version="1.0" encoding="UTF-8"?>
<!-- Generated by org.testng.reporters.JUnitReportReporter -->
<testsuite skipped="0" hostname="DESKTOP-ES7B3DH" name="com.crm.qa.testcases.HomePageTest" tests="3" failures="0" timestamp="24 Oct 2018 11:56:39 GMT" time="161.621" errors="0">
  <testcase name="verifyHomePageTitleTest" time="56.007" classname="com.crm.qa.testcases.HomePageTest"/>
  <testcase name="verifyuserNameTest" time="52.591" classname="com.crm.qa.testcases.HomePageTest"/>
  <testcase name="verifyContactsLinkTest" time="53.023" classname="com.crm.qa.testcases.HomePageTest"/>
</testsuite> <!-- com.crm.qa.testcases.HomePageTest -->
