<?xml version="1.0" encoding="UTF-8"?>
<!-- Generated by org.testng.reporters.JUnitReportReporter -->
<testsuite skipped="0" hostname="DESKTOP-ES7B3DH" name="com.crm.qa.testcases.LoginPageTest" tests="3" failures="0" timestamp="24 Oct 2018 09:54:43 GMT" time="135.091" errors="0">
  <testcase name="loginPageTitleTest" time="55.010" classname="com.crm.qa.testcases.LoginPageTest"/>
  <testcase name="crmLogoImageTest" time="35.917" classname="com.crm.qa.testcases.LoginPageTest"/>
  <testcase name="loginTest" time="44.164" classname="com.crm.qa.testcases.LoginPageTest"/>
</testsuite> <!-- com.crm.qa.testcases.LoginPageTest -->
